C:\USERS\JOSEPH\DESKTOP\ZOMBIE_GAME_2\ZOMBIE_GAME_2\DEBUG\VC110.PDB
C:\USERS\JOSEPH\DESKTOP\ZOMBIE_GAME_2\ZOMBIE_GAME_2\DEBUG\MAIN.OBJ
C:\USERS\JOSEPH\DESKTOP\ZOMBIE_GAME_2\DEBUG\ZOMBIE_GAME_2.ILK
C:\USERS\JOSEPH\DESKTOP\ZOMBIE_GAME_2\DEBUG\ZOMBIE_GAME_2.EXE
C:\USERS\JOSEPH\DESKTOP\ZOMBIE_GAME_2\DEBUG\ZOMBIE_GAME_2.PDB
C:\Users\Joseph\Desktop\zombie_game_2\zombie_game_2\Debug\main.obj
C:\Users\Joseph\Desktop\zombie_game_2\zombie_game_2\Debug\cl.command.1.tlog
C:\Users\Joseph\Desktop\zombie_game_2\zombie_game_2\Debug\CL.read.1.tlog
C:\Users\Joseph\Desktop\zombie_game_2\zombie_game_2\Debug\CL.write.1.tlog
C:\Users\Joseph\Desktop\zombie_game_2\zombie_game_2\Debug\link-cvtres.read.1.tlog
C:\Users\Joseph\Desktop\zombie_game_2\zombie_game_2\Debug\link-cvtres.write.1.tlog
C:\Users\Joseph\Desktop\zombie_game_2\zombie_game_2\Debug\link-rc.read.1.tlog
C:\Users\Joseph\Desktop\zombie_game_2\zombie_game_2\Debug\link-rc.write.1.tlog
C:\Users\Joseph\Desktop\zombie_game_2\zombie_game_2\Debug\link.command.1.tlog
C:\Users\Joseph\Desktop\zombie_game_2\zombie_game_2\Debug\link.read.1.tlog
C:\Users\Joseph\Desktop\zombie_game_2\zombie_game_2\Debug\link.write.1.tlog
C:\Users\Joseph\Desktop\zombie_game_2\zombie_game_2\Debug\vc110.idb
C:\Users\Joseph\Desktop\zombie_game_2\zombie_game_2\Debug\vc110.pdb
C:\Users\Joseph\Desktop\zombie_game_2\Debug\zombie_game_2.pdb
C:\Users\Joseph\Desktop\zombie_game_2\Debug\zombie_game_2.exe
C:\Users\Joseph\Desktop\zombie_game_2\Debug\zombie_game_2.ilk
