Build started 30/07/2015 21:19:18.
     1>Project "C:\Users\Joseph\Desktop\zombie_game_2\zombie_game_2\zombie_game_2.vcxproj" on node 2 (Build target(s)).
     1>ClCompile:
         C:\Program Files (x86)\Microsoft Visual Studio 11.0\VC\bin\CL.exe /c /I"sfml-main.lib" /I"sfml-system.lib" /I"sfml-graphics.lib" /I"sfml-window.lib" /Ikernel32.lib /Iuser32.lib /Igdi32.lib /Iwinspool.lib /Icomdlg32.lib /Iadvapi32.lib /Ishell32.lib /Iole32.lib /Ioleaut32.lib /Iuuid.lib /Iodbc32.lib /Iodbccp32.lib /ZI /nologo /W3 /WX- /Od /Oy- /D _MBCS /Gm /EHsc /RTC1 /MDd /GS /fp:precise /Zc:wchar_t /Zc:forScope /Fo"Debug\\" /Fd"Debug\vc110.pdb" /Gd /TP /analyze- /errorReport:prompt src\game.cpp src\main.cpp
         game.cpp
     1>c:\users\joseph\desktop\zombie_game_2\zombie_game_2\include\game.h(12): warning C4067: unexpected tokens following preprocessor directive - expected a newline
     1>c:\users\joseph\desktop\zombie_game_2\zombie_game_2\include\game.h(13): warning C4067: unexpected tokens following preprocessor directive - expected a newline
     1>c:\users\joseph\desktop\zombie_game_2\zombie_game_2\src\game.cpp(148): warning C4018: '<' : signed/unsigned mismatch
     1>c:\users\joseph\desktop\zombie_game_2\zombie_game_2\src\game.cpp(254): warning C4244: 'argument' : conversion from 'float' to 'int', possible loss of data
     1>c:\users\joseph\desktop\zombie_game_2\zombie_game_2\src\game.cpp(269): warning C4244: 'argument' : conversion from 'int' to 'float', possible loss of data
     1>c:\users\joseph\desktop\zombie_game_2\zombie_game_2\src\game.cpp(275): warning C4244: 'argument' : conversion from 'int' to 'float', possible loss of data
     1>c:\users\joseph\desktop\zombie_game_2\zombie_game_2\src\game.cpp(311): warning C4244: 'argument' : conversion from 'float' to 'int', possible loss of data
     1>c:\users\joseph\desktop\zombie_game_2\zombie_game_2\src\game.cpp(321): warning C4244: 'argument' : conversion from 'int' to 'float', possible loss of data
     1>c:\users\joseph\desktop\zombie_game_2\zombie_game_2\src\game.cpp(337): warning C4244: 'argument' : conversion from 'int' to 'float', possible loss of data
     1>c:\users\joseph\desktop\zombie_game_2\zombie_game_2\src\game.cpp(366): warning C4244: 'argument' : conversion from 'float' to 'int', possible loss of data
     1>c:\users\joseph\desktop\zombie_game_2\zombie_game_2\src\game.cpp(386): warning C4244: 'argument' : conversion from 'float' to 'int', possible loss of data
     1>c:\users\joseph\desktop\zombie_game_2\zombie_game_2\src\game.cpp(391): warning C4244: 'argument' : conversion from 'float' to 'int', possible loss of data
     1>c:\users\joseph\desktop\zombie_game_2\zombie_game_2\src\game.cpp(471): warning C4244: 'argument' : conversion from 'double' to 'float', possible loss of data
         Generating Code...
     1>c:\users\joseph\desktop\zombie_game_2\zombie_game_2\src\game.cpp(407): warning C4715: 'Game::createMap' : not all control paths return a value
         Compiling...
         main.cpp
     1>c:\users\joseph\desktop\zombie_game_2\zombie_game_2\include\game.h(12): warning C4067: unexpected tokens following preprocessor directive - expected a newline
     1>c:\users\joseph\desktop\zombie_game_2\zombie_game_2\include\game.h(13): warning C4067: unexpected tokens following preprocessor directive - expected a newline
     1>c:\users\joseph\desktop\zombie_game_2\zombie_game_2\src\main.cpp(69): warning C4244: 'argument' : conversion from 'float' to 'int', possible loss of data
     1>c:\users\joseph\desktop\zombie_game_2\zombie_game_2\src\main.cpp(80): warning C4244: 'argument' : conversion from 'float' to 'int', possible loss of data
     1>c:\users\joseph\desktop\zombie_game_2\zombie_game_2\src\main.cpp(100): warning C4244: 'argument' : conversion from 'float' to 'int', possible loss of data
     1>c:\users\joseph\desktop\zombie_game_2\zombie_game_2\src\main.cpp(103): warning C4244: 'argument' : conversion from 'float' to 'int', possible loss of data
         Generating Code...
       Link:
         C:\Program Files (x86)\Microsoft Visual Studio 11.0\VC\bin\link.exe /ERRORREPORT:PROMPT /OUT:"C:\Users\Joseph\Desktop\zombie_game_2\Debug\zombie_game_2.exe" /INCREMENTAL /NOLOGO /LIBPATH:"./SFML-2.3.1\lib" "sfml-system.lib" "sfml-graphics.lib" "sfml-window.lib" "sfml-main.lib" kernel32.lib user32.lib gdi32.lib winspool.lib comdlg32.lib advapi32.lib shell32.lib ole32.lib oleaut32.lib uuid.lib odbc32.lib odbccp32.lib /MANIFEST /MANIFESTUAC:"level='asInvoker' uiAccess='false'" /manifest:embed /DEBUG /PDB:"C:\Users\Joseph\Desktop\zombie_game_2\Debug\zombie_game_2.pdb" /TLBID:1 /DYNAMICBASE /NXCOMPAT /IMPLIB:"C:\Users\Joseph\Desktop\zombie_game_2\Debug\zombie_game_2.lib" /MACHINE:X86 Debug\ai.obj
         Debug\box.obj
         Debug\camera.obj
         Debug\drawable.obj
         Debug\entity.obj
         Debug\game.obj
         Debug\global.obj
         Debug\main.obj
         Debug\map.obj
         Debug\mouse.obj
         Debug\vector2d.obj
         Debug\wall.obj
         zombie_game_2.vcxproj -> C:\Users\Joseph\Desktop\zombie_game_2\Debug\zombie_game_2.exe
     1>Done Building Project "C:\Users\Joseph\Desktop\zombie_game_2\zombie_game_2\zombie_game_2.vcxproj" (Build target(s)).

Build succeeded.

Time Elapsed 00:00:15.78
